[0.762s] Invoking command in '/home/surajpatra/ros2_ws_suraj/src/py_topic': PYTHONPATH=/home/surajpatra/ros2_ws_suraj/build/py_topic/prefix_override:/home/surajpatra/ros2_ws_suraj/install/py_topic/lib/python3.8/site-packages:${PYTHONPATH} /usr/bin/python3 -W ignore:setup.py install is deprecated setup.py egg_info --egg-base ../../build/py_topic build --build-base /home/surajpatra/ros2_ws_suraj/build/py_topic/build install --record /home/surajpatra/ros2_ws_suraj/build/py_topic/install.log --install-scripts $base/lib/py_topic --single-version-externally-managed install_data
[0.994s] running egg_info
[0.995s] writing ../../build/py_topic/py_topic.egg-info/PKG-INFO
[0.995s] writing dependency_links to ../../build/py_topic/py_topic.egg-info/dependency_links.txt
[0.997s] writing entry points to ../../build/py_topic/py_topic.egg-info/entry_points.txt
[0.997s] writing requirements to ../../build/py_topic/py_topic.egg-info/requires.txt
[0.997s] writing top-level names to ../../build/py_topic/py_topic.egg-info/top_level.txt
[1.038s] reading manifest file '../../build/py_topic/py_topic.egg-info/SOURCES.txt'
[1.039s] writing manifest file '../../build/py_topic/py_topic.egg-info/SOURCES.txt'
[1.039s] running build
[1.040s] running build_py
[1.040s] running install
[1.041s] running install_lib
[1.042s] running install_data
[1.043s] running install_egg_info
[1.045s] removing '/home/surajpatra/ros2_ws_suraj/install/py_topic/lib/python3.8/site-packages/py_topic-0.0.0-py3.8.egg-info' (and everything under it)
[1.046s] Copying ../../build/py_topic/py_topic.egg-info to /home/surajpatra/ros2_ws_suraj/install/py_topic/lib/python3.8/site-packages/py_topic-0.0.0-py3.8.egg-info
[1.048s] running install_scripts
[1.066s] Installing py_pub_spiral script to /home/surajpatra/ros2_ws_suraj/install/py_topic/lib/py_topic
[1.068s] Installing py_sub_spiral script to /home/surajpatra/ros2_ws_suraj/install/py_topic/lib/py_topic
[1.068s] writing list of installed files to '/home/surajpatra/ros2_ws_suraj/build/py_topic/install.log'
[1.094s] Invoked command in '/home/surajpatra/ros2_ws_suraj/src/py_topic' returned '0': PYTHONPATH=/home/surajpatra/ros2_ws_suraj/build/py_topic/prefix_override:/home/surajpatra/ros2_ws_suraj/install/py_topic/lib/python3.8/site-packages:${PYTHONPATH} /usr/bin/python3 -W ignore:setup.py install is deprecated setup.py egg_info --egg-base ../../build/py_topic build --build-base /home/surajpatra/ros2_ws_suraj/build/py_topic/build install --record /home/surajpatra/ros2_ws_suraj/build/py_topic/install.log --install-scripts $base/lib/py_topic --single-version-externally-managed install_data
