[0.592s] Invoking command in '/home/surajpatra/ros2_ws_suraj/src/py_topic': PYTHONPATH=/home/surajpatra/ros2_ws_suraj/build/py_topic/prefix_override:/home/surajpatra/ros2_ws_suraj/install/py_topic/lib/python3.8/site-packages:${PYTHONPATH} /usr/bin/python3 -W ignore:setup.py install is deprecated setup.py egg_info --egg-base ../../build/py_topic build --build-base /home/surajpatra/ros2_ws_suraj/build/py_topic/build install --record /home/surajpatra/ros2_ws_suraj/build/py_topic/install.log --install-scripts $base/lib/py_topic --single-version-externally-managed install_data
[0.771s] running egg_info
[0.772s] writing ../../build/py_topic/py_topic.egg-info/PKG-INFO
[0.772s] writing dependency_links to ../../build/py_topic/py_topic.egg-info/dependency_links.txt
[0.772s] writing entry points to ../../build/py_topic/py_topic.egg-info/entry_points.txt
[0.773s] writing requirements to ../../build/py_topic/py_topic.egg-info/requires.txt
[0.773s] writing top-level names to ../../build/py_topic/py_topic.egg-info/top_level.txt
[0.804s] reading manifest file '../../build/py_topic/py_topic.egg-info/SOURCES.txt'
[0.805s] writing manifest file '../../build/py_topic/py_topic.egg-info/SOURCES.txt'
[0.805s] running build
[0.805s] running build_py
[0.805s] copying py_topic/py_pub_spiral.py -> /home/surajpatra/ros2_ws_suraj/build/py_topic/build/lib/py_topic
[0.805s] copying py_topic/py_sub_spiral.py -> /home/surajpatra/ros2_ws_suraj/build/py_topic/build/lib/py_topic
[0.806s] running install
[0.808s] running install_lib
[0.809s] copying /home/surajpatra/ros2_ws_suraj/build/py_topic/build/lib/py_topic/py_pub_spiral.py -> /home/surajpatra/ros2_ws_suraj/install/py_topic/lib/python3.8/site-packages/py_topic
[0.810s] copying /home/surajpatra/ros2_ws_suraj/build/py_topic/build/lib/py_topic/py_sub_spiral.py -> /home/surajpatra/ros2_ws_suraj/install/py_topic/lib/python3.8/site-packages/py_topic
[0.810s] byte-compiling /home/surajpatra/ros2_ws_suraj/install/py_topic/lib/python3.8/site-packages/py_topic/py_pub_spiral.py to py_pub_spiral.cpython-38.pyc
[0.813s] byte-compiling /home/surajpatra/ros2_ws_suraj/install/py_topic/lib/python3.8/site-packages/py_topic/py_sub_spiral.py to py_sub_spiral.cpython-38.pyc
[0.814s] running install_data
[0.814s] running install_egg_info
[0.817s] removing '/home/surajpatra/ros2_ws_suraj/install/py_topic/lib/python3.8/site-packages/py_topic-0.0.0-py3.8.egg-info' (and everything under it)
[0.817s] Copying ../../build/py_topic/py_topic.egg-info to /home/surajpatra/ros2_ws_suraj/install/py_topic/lib/python3.8/site-packages/py_topic-0.0.0-py3.8.egg-info
[0.821s] running install_scripts
[0.838s] Installing py_pub_spiral script to /home/surajpatra/ros2_ws_suraj/install/py_topic/lib/py_topic
[0.838s] Installing py_sub_spiral script to /home/surajpatra/ros2_ws_suraj/install/py_topic/lib/py_topic
[0.838s] writing list of installed files to '/home/surajpatra/ros2_ws_suraj/build/py_topic/install.log'
[0.860s] Invoked command in '/home/surajpatra/ros2_ws_suraj/src/py_topic' returned '0': PYTHONPATH=/home/surajpatra/ros2_ws_suraj/build/py_topic/prefix_override:/home/surajpatra/ros2_ws_suraj/install/py_topic/lib/python3.8/site-packages:${PYTHONPATH} /usr/bin/python3 -W ignore:setup.py install is deprecated setup.py egg_info --egg-base ../../build/py_topic build --build-base /home/surajpatra/ros2_ws_suraj/build/py_topic/build install --record /home/surajpatra/ros2_ws_suraj/build/py_topic/install.log --install-scripts $base/lib/py_topic --single-version-externally-managed install_data
