[0.590s] Invoking command in '/home/surajpatra/ros2_ws_suraj/src/py_topic': PYTHONPATH=/home/surajpatra/ros2_ws_suraj/build/py_topic/prefix_override:/home/surajpatra/ros2_ws_suraj/install/py_topic/lib/python3.8/site-packages:${PYTHONPATH} /usr/bin/python3 -W ignore:setup.py install is deprecated setup.py egg_info --egg-base ../../build/py_topic build --build-base /home/surajpatra/ros2_ws_suraj/build/py_topic/build install --record /home/surajpatra/ros2_ws_suraj/build/py_topic/install.log --install-scripts $base/lib/py_topic --single-version-externally-managed install_data
[0.779s] running egg_info
[0.780s] writing ../../build/py_topic/py_topic.egg-info/PKG-INFO
[0.781s] writing dependency_links to ../../build/py_topic/py_topic.egg-info/dependency_links.txt
[0.781s] writing entry points to ../../build/py_topic/py_topic.egg-info/entry_points.txt
[0.782s] writing requirements to ../../build/py_topic/py_topic.egg-info/requires.txt
[0.782s] writing top-level names to ../../build/py_topic/py_topic.egg-info/top_level.txt
[0.815s] reading manifest file '../../build/py_topic/py_topic.egg-info/SOURCES.txt'
[0.817s] writing manifest file '../../build/py_topic/py_topic.egg-info/SOURCES.txt'
[0.818s] running build
[0.818s] running build_py
[0.818s] copying py_topic/py_pub_spiral.py -> /home/surajpatra/ros2_ws_suraj/build/py_topic/build/lib/py_topic
[0.820s] copying py_topic/py_sub_spiral.py -> /home/surajpatra/ros2_ws_suraj/build/py_topic/build/lib/py_topic
[0.821s] running install
[0.822s] running install_lib
[0.824s] copying /home/surajpatra/ros2_ws_suraj/build/py_topic/build/lib/py_topic/py_pub_spiral.py -> /home/surajpatra/ros2_ws_suraj/install/py_topic/lib/python3.8/site-packages/py_topic
[0.825s] copying /home/surajpatra/ros2_ws_suraj/build/py_topic/build/lib/py_topic/py_sub_spiral.py -> /home/surajpatra/ros2_ws_suraj/install/py_topic/lib/python3.8/site-packages/py_topic
[0.826s] byte-compiling /home/surajpatra/ros2_ws_suraj/install/py_topic/lib/python3.8/site-packages/py_topic/py_pub_spiral.py to py_pub_spiral.cpython-38.pyc
[0.828s] byte-compiling /home/surajpatra/ros2_ws_suraj/install/py_topic/lib/python3.8/site-packages/py_topic/py_sub_spiral.py to py_sub_spiral.cpython-38.pyc
[0.829s] running install_data
[0.829s] running install_egg_info
[0.832s] removing '/home/surajpatra/ros2_ws_suraj/install/py_topic/lib/python3.8/site-packages/py_topic-0.0.0-py3.8.egg-info' (and everything under it)
[0.832s] Copying ../../build/py_topic/py_topic.egg-info to /home/surajpatra/ros2_ws_suraj/install/py_topic/lib/python3.8/site-packages/py_topic-0.0.0-py3.8.egg-info
[0.834s] running install_scripts
[0.848s] Installing py_pub_spiral script to /home/surajpatra/ros2_ws_suraj/install/py_topic/lib/py_topic
[0.848s] Installing py_sub_spiral script to /home/surajpatra/ros2_ws_suraj/install/py_topic/lib/py_topic
[0.849s] writing list of installed files to '/home/surajpatra/ros2_ws_suraj/build/py_topic/install.log'
[0.871s] Invoked command in '/home/surajpatra/ros2_ws_suraj/src/py_topic' returned '0': PYTHONPATH=/home/surajpatra/ros2_ws_suraj/build/py_topic/prefix_override:/home/surajpatra/ros2_ws_suraj/install/py_topic/lib/python3.8/site-packages:${PYTHONPATH} /usr/bin/python3 -W ignore:setup.py install is deprecated setup.py egg_info --egg-base ../../build/py_topic build --build-base /home/surajpatra/ros2_ws_suraj/build/py_topic/build install --record /home/surajpatra/ros2_ws_suraj/build/py_topic/install.log --install-scripts $base/lib/py_topic --single-version-externally-managed install_data
