[0.836s] Invoking command in '/home/surajpatra/github_ros2/ros2_ws_suraj/src/py_topic': PYTHONPATH=/home/surajpatra/github_ros2/ros2_ws_suraj/build/py_topic/prefix_override:/home/surajpatra/github_ros2/ros2_ws_suraj/install/py_topic/lib/python3.8/site-packages:${PYTHONPATH} /usr/bin/python3 -W ignore:setup.py install is deprecated setup.py egg_info --egg-base ../../build/py_topic build --build-base /home/surajpatra/github_ros2/ros2_ws_suraj/build/py_topic/build install --record /home/surajpatra/github_ros2/ros2_ws_suraj/build/py_topic/install.log --install-scripts $base/lib/py_topic --single-version-externally-managed install_data
[1.077s] running egg_info
[1.078s] writing ../../build/py_topic/py_topic.egg-info/PKG-INFO
[1.081s] writing dependency_links to ../../build/py_topic/py_topic.egg-info/dependency_links.txt
[1.082s] writing entry points to ../../build/py_topic/py_topic.egg-info/entry_points.txt
[1.082s] writing requirements to ../../build/py_topic/py_topic.egg-info/requires.txt
[1.082s] writing top-level names to ../../build/py_topic/py_topic.egg-info/top_level.txt
[1.133s] reading manifest file '../../build/py_topic/py_topic.egg-info/SOURCES.txt'
[1.134s] writing manifest file '../../build/py_topic/py_topic.egg-info/SOURCES.txt'
[1.135s] running build
[1.135s] running build_py
[1.135s] running install
[1.137s] running install_lib
[1.140s] running install_data
[1.140s] running install_egg_info
[1.144s] removing '/home/surajpatra/github_ros2/ros2_ws_suraj/install/py_topic/lib/python3.8/site-packages/py_topic-0.0.0-py3.8.egg-info' (and everything under it)
[1.144s] Copying ../../build/py_topic/py_topic.egg-info to /home/surajpatra/github_ros2/ros2_ws_suraj/install/py_topic/lib/python3.8/site-packages/py_topic-0.0.0-py3.8.egg-info
[1.144s] running install_scripts
[1.185s] Installing py_pub_spiral script to /home/surajpatra/github_ros2/ros2_ws_suraj/install/py_topic/lib/py_topic
[1.185s] Installing py_sub_spiral script to /home/surajpatra/github_ros2/ros2_ws_suraj/install/py_topic/lib/py_topic
[1.185s] writing list of installed files to '/home/surajpatra/github_ros2/ros2_ws_suraj/build/py_topic/install.log'
[1.205s] Invoked command in '/home/surajpatra/github_ros2/ros2_ws_suraj/src/py_topic' returned '0': PYTHONPATH=/home/surajpatra/github_ros2/ros2_ws_suraj/build/py_topic/prefix_override:/home/surajpatra/github_ros2/ros2_ws_suraj/install/py_topic/lib/python3.8/site-packages:${PYTHONPATH} /usr/bin/python3 -W ignore:setup.py install is deprecated setup.py egg_info --egg-base ../../build/py_topic build --build-base /home/surajpatra/github_ros2/ros2_ws_suraj/build/py_topic/build install --record /home/surajpatra/github_ros2/ros2_ws_suraj/build/py_topic/install.log --install-scripts $base/lib/py_topic --single-version-externally-managed install_data
