[1.112s] Invoking command in '/home/surajpatra/github_ros2/ros2_ws_suraj/src/py_topic': PYTHONPATH=/home/surajpatra/github_ros2/ros2_ws_suraj/build/py_topic/prefix_override:/home/surajpatra/github_ros2/ros2_ws_suraj/install/py_topic/lib/python3.8/site-packages:${PYTHONPATH} /usr/bin/python3 -W ignore:setup.py install is deprecated setup.py egg_info --egg-base ../../build/py_topic build --build-base /home/surajpatra/github_ros2/ros2_ws_suraj/build/py_topic/build install --record /home/surajpatra/github_ros2/ros2_ws_suraj/build/py_topic/install.log --install-scripts $base/lib/py_topic --single-version-externally-managed install_data
[1.283s] running egg_info
[1.284s] writing ../../build/py_topic/py_topic.egg-info/PKG-INFO
[1.287s] writing dependency_links to ../../build/py_topic/py_topic.egg-info/dependency_links.txt
[1.289s] writing entry points to ../../build/py_topic/py_topic.egg-info/entry_points.txt
[1.289s] writing requirements to ../../build/py_topic/py_topic.egg-info/requires.txt
[1.289s] writing top-level names to ../../build/py_topic/py_topic.egg-info/top_level.txt
[1.320s] reading manifest file '../../build/py_topic/py_topic.egg-info/SOURCES.txt'
[1.321s] writing manifest file '../../build/py_topic/py_topic.egg-info/SOURCES.txt'
[1.322s] running build
[1.322s] running build_py
[1.322s] running install
[1.323s] running install_lib
[1.327s] running install_data
[1.328s] running install_egg_info
[1.329s] removing '/home/surajpatra/github_ros2/ros2_ws_suraj/install/py_topic/lib/python3.8/site-packages/py_topic-0.0.0-py3.8.egg-info' (and everything under it)
[1.332s] Copying ../../build/py_topic/py_topic.egg-info to /home/surajpatra/github_ros2/ros2_ws_suraj/install/py_topic/lib/python3.8/site-packages/py_topic-0.0.0-py3.8.egg-info
[1.335s] running install_scripts
[1.348s] Installing py_pub_spiral script to /home/surajpatra/github_ros2/ros2_ws_suraj/install/py_topic/lib/py_topic
[1.350s] Installing py_sub_spiral script to /home/surajpatra/github_ros2/ros2_ws_suraj/install/py_topic/lib/py_topic
[1.350s] writing list of installed files to '/home/surajpatra/github_ros2/ros2_ws_suraj/build/py_topic/install.log'
[1.369s] Invoked command in '/home/surajpatra/github_ros2/ros2_ws_suraj/src/py_topic' returned '0': PYTHONPATH=/home/surajpatra/github_ros2/ros2_ws_suraj/build/py_topic/prefix_override:/home/surajpatra/github_ros2/ros2_ws_suraj/install/py_topic/lib/python3.8/site-packages:${PYTHONPATH} /usr/bin/python3 -W ignore:setup.py install is deprecated setup.py egg_info --egg-base ../../build/py_topic build --build-base /home/surajpatra/github_ros2/ros2_ws_suraj/build/py_topic/build install --record /home/surajpatra/github_ros2/ros2_ws_suraj/build/py_topic/install.log --install-scripts $base/lib/py_topic --single-version-externally-managed install_data
