[0.638s] Invoking command in '/home/surajpatra/ros2_ws_suraj/src/py_topic': PYTHONPATH=/home/surajpatra/ros2_ws_suraj/build/py_topic/prefix_override:/home/surajpatra/ros2_ws_suraj/install/py_topic/lib/python3.8/site-packages:${PYTHONPATH} /usr/bin/python3 -W ignore:setup.py install is deprecated setup.py egg_info --egg-base ../../build/py_topic build --build-base /home/surajpatra/ros2_ws_suraj/build/py_topic/build install --record /home/surajpatra/ros2_ws_suraj/build/py_topic/install.log --install-scripts $base/lib/py_topic --single-version-externally-managed install_data
[0.823s] running egg_info
[0.824s] writing ../../build/py_topic/py_topic.egg-info/PKG-INFO
[0.826s] writing dependency_links to ../../build/py_topic/py_topic.egg-info/dependency_links.txt
[0.826s] writing entry points to ../../build/py_topic/py_topic.egg-info/entry_points.txt
[0.826s] writing requirements to ../../build/py_topic/py_topic.egg-info/requires.txt
[0.826s] writing top-level names to ../../build/py_topic/py_topic.egg-info/top_level.txt
[0.914s] reading manifest file '../../build/py_topic/py_topic.egg-info/SOURCES.txt'
[0.914s] writing manifest file '../../build/py_topic/py_topic.egg-info/SOURCES.txt'
[0.914s] running build
[0.914s] running build_py
[0.914s] running install
[0.918s] running install_lib
[0.923s] running install_data
[0.923s] running install_egg_info
[0.929s] removing '/home/surajpatra/ros2_ws_suraj/install/py_topic/lib/python3.8/site-packages/py_topic-0.0.0-py3.8.egg-info' (and everything under it)
[0.929s] Copying ../../build/py_topic/py_topic.egg-info to /home/surajpatra/ros2_ws_suraj/install/py_topic/lib/python3.8/site-packages/py_topic-0.0.0-py3.8.egg-info
[0.930s] running install_scripts
[0.983s] Installing py_pub_spiral script to /home/surajpatra/ros2_ws_suraj/install/py_topic/lib/py_topic
[0.983s] Installing py_sub_spiral script to /home/surajpatra/ros2_ws_suraj/install/py_topic/lib/py_topic
[0.983s] writing list of installed files to '/home/surajpatra/ros2_ws_suraj/build/py_topic/install.log'
[1.003s] Invoked command in '/home/surajpatra/ros2_ws_suraj/src/py_topic' returned '0': PYTHONPATH=/home/surajpatra/ros2_ws_suraj/build/py_topic/prefix_override:/home/surajpatra/ros2_ws_suraj/install/py_topic/lib/python3.8/site-packages:${PYTHONPATH} /usr/bin/python3 -W ignore:setup.py install is deprecated setup.py egg_info --egg-base ../../build/py_topic build --build-base /home/surajpatra/ros2_ws_suraj/build/py_topic/build install --record /home/surajpatra/ros2_ws_suraj/build/py_topic/install.log --install-scripts $base/lib/py_topic --single-version-externally-managed install_data
